make all --print-data-base --no-builtin-variables --no-builtin-rules --question
# GNU Make 3.81
# Copyright (C) 2006  Free Software Foundation, Inc.
# This is free software; see the source for copying conditions.
# There is NO warranty; not even for MERCHANTABILITY or FITNESS FOR A
# PARTICULAR PURPOSE.

# This program built for i386-apple-darwin11.3.0
 
make game
 
# GNU Make 3.81
# Copyright (C) 2006  Free Software Foundation, Inc.
# This is free software; see the source for copying conditions.
# There is NO warranty; not even for MERCHANTABILITY or FITNESS FOR A
# PARTICULAR PURPOSE.

# This program built for i386-apple-darwin11.3.0
 
make[1]: *** No rule to make target `main.c', needed by `game'.  Stop.


# Make data base, printed on Mon Jul 18 00:10:47 2022

# Variables

# automatic
<D = $(patsubst %/,%,$(dir $<))
# automatic
?F = $(notdir $?)
# makefile (from `Makefile', line 372)
SRC = $(call rwildcard, *.c, *.h)
# makefile (from `Makefile', line 65)
USE_WAYLAND_DISPLAY = FALSE
# automatic
?D = $(patsubst %/,%,$(dir $?))
# makefile (from `Makefile', line 33)
COMPILER_PATH = C:/raylib/w64devkit/bin
# makefile (from `Makefile', line 28)
RAYLIB_VERSION = 3.0.0
# automatic
@D = $(patsubst %/,%,$(dir $@))
# automatic
@F = $(notdir $@)
# makefile (from `Makefile', line 339)
LDLIBS = -lraylib -framework OpenGL -framework OpenAL -framework Cocoa -framework IOKit
# makefile
CURDIR := /Users/ericmiller/Documents/Game Dev/GameDevTv/CPlusPlus Fundamentals/vscode-template-main
# makefile
SHELL = /bin/sh
# environment
VSCODE_NLS_CONFIG = {"locale":"en-us","availableLanguages":{},"_languagePackSupport":true}
# environment
_ = /usr/bin/make
# makefile (from `Makefile', line 203)
CFLAGS = -Wall -std=c++14 -D_DEFAULT_SOURCE -Wno-missing-braces -s -O1
# makefile (from `Makefile', line 1)
MAKEFILE_LIST :=  Makefile
# makefile (from `Makefile', line 369)
OBJ_DIR = obj
# makefile (from `Makefile', line 57)
BUILD_MODE = RELEASE
# environment
__CFBundleIdentifier = com.microsoft.VSCode
# environment
INFOPATH = /opt/homebrew/share/info:
# environment
VSCODE_CWD = /
# environment
PATH = /opt/homebrew/bin:/opt/homebrew/sbin:/usr/local/bin:/usr/bin:/bin:/usr/sbin:/sbin:/usr/local/share/dotnet:~/.dotnet/tools:/Library/Apple/usr/bin:/Library/Frameworks/Mono.framework/Versions/Current/Commands
# makefile (from `Makefile', line 75)
UNAMEOS = $(shell uname)
# makefile (from `Makefile', line 30)
RAYLIB_PATH = ..\..
# makefile (from `Makefile', line 29)
RAYLIB_API_VERSION = 300
# environment
LaunchInstanceID = CE9AF212-0BF5-4489-BF8C-2445A4C92DE0
# environment
ELECTRON_RUN_AS_NODE = 1
# makefile (from `Makefile', line 256)
INCLUDE_PATHS = -I. -I$(RAYLIB_PATH)/src -I$(RAYLIB_PATH)/src/external -I/opt/homebrew/include
# makefile (from `Makefile', line 288)
LDFLAGS = -L. -L/opt/homebrew/lib
# default
.FEATURES := target-specific order-only second-expansion else-if archives jobserver check-symlink
# makefile (from `Makefile', line 61)
USE_EXTERNAL_GLFW = FALSE
# environment
SSH_AUTH_SOCK = /private/tmp/com.apple.launchd.O9P7I7T4JD/Listeners
# automatic
%F = $(notdir $%)
# makefile (from `Makefile', line 374)
OBJS = main.c
# makefile (from `Makefile', line 92)
PLATFORM_OS = OSX
# environment
PWD = /Users/ericmiller/Documents/Game Dev/GameDevTv/CPlusPlus Fundamentals/vscode-template-main
# environment
HOMEBREW_CELLAR = /opt/homebrew/Cellar
# environment
ORIGINAL_XDG_CURRENT_DESKTOP = undefined
# environment
MANPATH = /opt/homebrew/share/man::
# environment
VSCODE_AMD_ENTRYPOINT = vs/workbench/api/node/extensionHostProcess
# environment
HOME = /Users/ericmiller
# default
MAKEFILEPATH := /Applications/Xcode.app/Contents/Developer/Makefiles
# environment
VSCODE_CODE_CACHE_PATH = /Users/ericmiller/Library/Application Support/Code/CachedData/b06ae3b2d2dbfe28bca3134cc6be65935cdfea6a
# environment
LOGNAME = ericmiller
# environment
APPLICATION_INSIGHTS_NO_DIAGNOSTIC_CHANNEL = true
# makefile (from `Makefile', line 382)
MAKEFILE_PARAMS = $(PROJECT_NAME)
# environment
VSCODE_HANDLES_UNCAUGHT_ERRORS = true
# automatic
^D = $(patsubst %/,%,$(dir $^))
# environment
XPC_FLAGS = 0x0
# makefile (from `Makefile', line 184)
MAKE = make
# default
MAKECMDGOALS := game
# environment
SHLVL = 1
# makefile (from `Makefile', line 155)
CC = clang++
# makefile (from `Makefile', line 51)
RAYLIB_H_INSTALL_PATH = $(DESTDIR)/include
# default
MAKE_VERSION := 3.81
# environment
USER = ericmiller
# makefile
.DEFAULT_GOAL := all
# makefile (from `Makefile', line 48)
DESTDIR = /usr/local
# automatic
%D = $(patsubst %/,%,$(dir $%))
# makefile (from `Makefile', line 365)
rwildcard = $(foreach d,$(wildcard $1*),$(call rwildcard,$d/,$2) $(filter $(subst *,%,$2),$d))
# default
MAKE_COMMAND := /Applications/Xcode.app/Contents/Developer/usr/bin/make
# default
.VARIABLES := 
# environment
TMPDIR = /var/folders/sw/mn65sr817jg6x3f9h6gcp12h0000gn/T/
# automatic
*F = $(notdir $*)
# environment
VSCODE_IPC_HOOK = /Users/ericmiller/Library/Application Support/Code/1.69.1-main.sock
# environment
MallocNanoZone = 0
# makefile
MAKEFLAGS = Rrqp
# environment
MFLAGS = -Rrqp
# automatic
*D = $(patsubst %/,%,$(dir $*))
# environment
XPC_SERVICE_NAME = application.com.microsoft.VSCode.16511240.16511246
# environment
HOMEBREW_PREFIX = /opt/homebrew
# automatic
+D = $(patsubst %/,%,$(dir $+))
# automatic
+F = $(notdir $+)
# makefile (from `Makefile', line 146)
EXAMPLE_RUNTIME_PATH = $(RAYLIB_RELEASE_PATH)
# environment
HOMEBREW_REPOSITORY = /opt/homebrew
# environment
__CF_USER_TEXT_ENCODING = 0x1F5:0x0:0x0
# environment
COMMAND_MODE = unix2003
# makefile (from `Makefile', line 37)
PLATFORM = PLATFORM_DESKTOP
# default
MAKEFILES := 
# makefile (from `Makefile', line 368)
SRC_DIR = src
# automatic
<F = $(notdir $<)
# makefile (from `Makefile', line 132)
RAYLIB_RELEASE_PATH = $(RAYLIB_PATH)/src
# makefile (from `Makefile', line 27)
PROJECT_NAME = game
# makefile (from `Makefile', line 49)
RAYLIB_INSTALL_PATH = $(DESTDIR)/lib
# environment
LC_ALL = C
# environment
SECURITYSESSIONID = 186b4
# automatic
^F = $(notdir $^)
# default
SUFFIXES := 
# makefile (from `Makefile', line 54)
RAYLIB_LIBTYPE = STATIC
# environment
MAKELEVEL := 1
# environment
LANG = C
# environment
VSCODE_PID = 684
# variable set hash-table stats:
# Load=92/1024=9%, Rehash=0, Collisions=7/213=3%

# Pattern-specific Variable Values

# No pattern-specific variable values.

# Directories

# /opt/homebrew/include (device 16777232, inode 11396887): 21 files, no impossibilities.
# . (device 16777232, inode 14034217): 8 files, no impossibilities.
# ..\../src: could not be stat'd.
# src: could not be stat'd.
# /opt/homebrew/lib (device 16777232, inode 11396888): 57 files, no impossibilities.

# 86 files, no impossibilities in 5 directories.

# Implicit Rules

obj/%.o: src/%.c
#  commands to execute (from `Makefile', line 398):
	$(CC) -c $< -o $@ $(CFLAGS) $(INCLUDE_PATHS) -D$(PLATFORM)
	

# 1 implicit rules, 0 (0.0%) terminal.

# Files

all:
#  Phony target (prerequisite of .PHONY).
#  Implicit rule search has not been done.
#  File does not exist.
#  File has not been updated.
#  commands to execute (from `Makefile', line 388):
	$(MAKE) $(MAKEFILE_PARAMS)
	

.PHONY: all clean
#  Implicit rule search has not been done.
#  Modification time never checked.
#  File has not been updated.

# Not a target:
main.c:
#  Implicit rule search has been done.
#  File does not exist.
#  File has not been updated.
# variable set hash-table stats:
# Load=0/32=0%, Rehash=0, Collisions=0/0=0%

# Not a target:
.SUFFIXES:
#  Implicit rule search has not been done.
#  Modification time never checked.
#  File has not been updated.

# Not a target:
Makefile:
#  Implicit rule search has been done.
#  Last modified 2021-11-22 08:41:30
#  File has been updated.
#  Successfully updated.
# variable set hash-table stats:
# Load=0/32=0%, Rehash=0, Collisions=0/0=0%

# Not a target:
.DEFAULT:
#  Implicit rule search has not been done.
#  Modification time never checked.
#  File has not been updated.

clean:
#  Phony target (prerequisite of .PHONY).
#  Implicit rule search has not been done.
#  File does not exist.
#  File has not been updated.
#  commands to execute (from `Makefile', line 410):
	find . -type f -perm +ugo+x -delete
	rm -f *.o
	@echo Cleaning done
	

game: main.c
#  Command-line target.
#  Implicit rule search has not been done.
#  File does not exist.
#  File has not been updated.
# variable set hash-table stats:
# Load=0/32=0%, Rehash=0, Collisions=0/0=0%
#  commands to execute (from `Makefile', line 392):
	$(CC) -o $(PROJECT_NAME)$(EXT) $(OBJS) $(CFLAGS) $(INCLUDE_PATHS) $(LDFLAGS) $(LDLIBS) -D$(PLATFORM)
	

# files hash-table stats:
# Load=8/1024=1%, Rehash=0, Collisions=0/24=0%
# VPATH Search Paths

# No `vpath' search paths.

# No general (`VPATH' variable) search path.

# # of strings in strcache: 1
# # of strcache buffers: 1
 
# strcache size: total = 4096 / max = 4096 / min = 4096 / avg = 4096
# strcache free: total = 4087 / max = 4087 / min = 4087 / avg = 4087

# Finished Make data base on Mon Jul 18 00:10:47 2022


# Make data base, printed on Mon Jul 18 00:10:47 2022

# Variables

# automatic
<D = $(patsubst %/,%,$(dir $<))
# automatic
?F = $(notdir $?)
# makefile (from `Makefile', line 372)
SRC = $(call rwildcard, *.c, *.h)
# makefile (from `Makefile', line 65)
USE_WAYLAND_DISPLAY = FALSE
# automatic
?D = $(patsubst %/,%,$(dir $?))
# makefile (from `Makefile', line 33)
COMPILER_PATH = C:/raylib/w64devkit/bin
# makefile (from `Makefile', line 28)
RAYLIB_VERSION = 3.0.0
# automatic
@D = $(patsubst %/,%,$(dir $@))
# automatic
@F = $(notdir $@)
# makefile (from `Makefile', line 339)
LDLIBS = -lraylib -framework OpenGL -framework OpenAL -framework Cocoa -framework IOKit
# makefile
CURDIR := /Users/ericmiller/Documents/Game Dev/GameDevTv/CPlusPlus Fundamentals/vscode-template-main
# makefile
SHELL = /bin/sh
# environment
VSCODE_NLS_CONFIG = {"locale":"en-us","availableLanguages":{},"_languagePackSupport":true}
# environment
_ = /usr/bin/make
# makefile (from `Makefile', line 203)
CFLAGS = -Wall -std=c++14 -D_DEFAULT_SOURCE -Wno-missing-braces -s -O1
# makefile (from `Makefile', line 1)
MAKEFILE_LIST :=  Makefile
# makefile (from `Makefile', line 369)
OBJ_DIR = obj
# makefile (from `Makefile', line 57)
BUILD_MODE = RELEASE
# environment
__CFBundleIdentifier = com.microsoft.VSCode
# environment
INFOPATH = /opt/homebrew/share/info:
# environment
VSCODE_CWD = /
# environment
PATH = /opt/homebrew/bin:/opt/homebrew/sbin:/usr/local/bin:/usr/bin:/bin:/usr/sbin:/sbin:/usr/local/share/dotnet:~/.dotnet/tools:/Library/Apple/usr/bin:/Library/Frameworks/Mono.framework/Versions/Current/Commands
# makefile (from `Makefile', line 75)
UNAMEOS = $(shell uname)
# makefile (from `Makefile', line 30)
RAYLIB_PATH = ..\..
# makefile (from `Makefile', line 29)
RAYLIB_API_VERSION = 300
# environment
LaunchInstanceID = CE9AF212-0BF5-4489-BF8C-2445A4C92DE0
# environment
ELECTRON_RUN_AS_NODE = 1
# makefile (from `Makefile', line 256)
INCLUDE_PATHS = -I. -I$(RAYLIB_PATH)/src -I$(RAYLIB_PATH)/src/external -I/opt/homebrew/include
# makefile (from `Makefile', line 288)
LDFLAGS = -L. -L/opt/homebrew/lib
# default
 
make: *** [all] Error 2

.FEATURES := target-specific order-only second-expansion else-if archives jobserver check-symlink
# makefile (from `Makefile', line 61)
USE_EXTERNAL_GLFW = FALSE
# environment
SSH_AUTH_SOCK = /private/tmp/com.apple.launchd.O9P7I7T4JD/Listeners
# automatic
%F = $(notdir $%)
# makefile (from `Makefile', line 374)
OBJS = main.c
# makefile (from `Makefile', line 92)
PLATFORM_OS = OSX
# environment
PWD = /Users/ericmiller/Documents/Game Dev/GameDevTv/CPlusPlus Fundamentals/vscode-template-main
# environment
HOMEBREW_CELLAR = /opt/homebrew/Cellar
# environment
ORIGINAL_XDG_CURRENT_DESKTOP = undefined
# environment
MANPATH = /opt/homebrew/share/man::
# environment
VSCODE_AMD_ENTRYPOINT = vs/workbench/api/node/extensionHostProcess
# environment
HOME = /Users/ericmiller
# default
MAKEFILEPATH := /Applications/Xcode.app/Contents/Developer/Makefiles
# environment
VSCODE_CODE_CACHE_PATH = /Users/ericmiller/Library/Application Support/Code/CachedData/b06ae3b2d2dbfe28bca3134cc6be65935cdfea6a
# environment
LOGNAME = ericmiller
# environment
APPLICATION_INSIGHTS_NO_DIAGNOSTIC_CHANNEL = true
# makefile (from `Makefile', line 382)
MAKEFILE_PARAMS = $(PROJECT_NAME)
# environment
VSCODE_HANDLES_UNCAUGHT_ERRORS = true
# automatic
^D = $(patsubst %/,%,$(dir $^))
# environment
XPC_FLAGS = 0x0
# makefile (from `Makefile', line 184)
MAKE = make
# default
MAKECMDGOALS := all
# environment
SHLVL = 1
# makefile (from `Makefile', line 155)
CC = clang++
# makefile (from `Makefile', line 51)
RAYLIB_H_INSTALL_PATH = $(DESTDIR)/include
# default
MAKE_VERSION := 3.81
# environment
USER = ericmiller
# makefile
.DEFAULT_GOAL := all
# makefile (from `Makefile', line 48)
DESTDIR = /usr/local
# automatic
%D = $(patsubst %/,%,$(dir $%))
# makefile (from `Makefile', line 365)
rwildcard = $(foreach d,$(wildcard $1*),$(call rwildcard,$d/,$2) $(filter $(subst *,%,$2),$d))
# default
MAKE_COMMAND := /Applications/Xcode.app/Contents/Developer/usr/bin/make
# default
.VARIABLES := 
# environment
TMPDIR = /var/folders/sw/mn65sr817jg6x3f9h6gcp12h0000gn/T/
# automatic
*F = $(notdir $*)
# environment
VSCODE_IPC_HOOK = /Users/ericmiller/Library/Application Support/Code/1.69.1-main.sock
# environment
MallocNanoZone = 0
# makefile
MAKEFLAGS = Rrqp
# environment
MFLAGS = -Rrqp
# automatic
*D = $(patsubst %/,%,$(dir $*))
# environment
XPC_SERVICE_NAME = application.com.microsoft.VSCode.16511240.16511246
# environment
HOMEBREW_PREFIX = /opt/homebrew
# automatic
+D = $(patsubst %/,%,$(dir $+))
# automatic
+F = $(notdir $+)
# makefile (from `Makefile', line 146)
EXAMPLE_RUNTIME_PATH = $(RAYLIB_RELEASE_PATH)
# environment
HOMEBREW_REPOSITORY = /opt/homebrew
# environment
__CF_USER_TEXT_ENCODING = 0x1F5:0x0:0x0
# environment
COMMAND_MODE = unix2003
# makefile (from `Makefile', line 37)
PLATFORM = PLATFORM_DESKTOP
# default
MAKEFILES := 
# makefile (from `Makefile', line 368)
SRC_DIR = src
# automatic
<F = $(notdir $<)
# makefile (from `Makefile', line 132)
RAYLIB_RELEASE_PATH = $(RAYLIB_PATH)/src
# makefile (from `Makefile', line 27)
PROJECT_NAME = game
# makefile (from `Makefile', line 49)
RAYLIB_INSTALL_PATH = $(DESTDIR)/lib
# environment
LC_ALL = C
# environment
SECURITYSESSIONID = 186b4
# automatic
^F = $(notdir $^)
# default
SUFFIXES := 
# makefile (from `Makefile', line 54)
RAYLIB_LIBTYPE = STATIC
# environment
MAKELEVEL := 0
# environment
LANG = C
# environment
VSCODE_PID = 684
# variable set hash-table stats:
# Load=92/1024=9%, Rehash=0, Collisions=7/215=3%

# Pattern-specific Variable Values

# No pattern-specific variable values.

# Directories

# /opt/homebrew/include (device 16777232, inode 11396887): 21 files, no impossibilities.
# . (device 16777232, inode 14034217): 8 files, no impossibilities.
# ..\../src: could not be stat'd.
# src: could not be stat'd.
# /opt/homebrew/lib (device 16777232, inode 11396888): 57 files, no impossibilities.

# 86 files, no impossibilities in 5 directories.

# Implicit Rules

obj/%.o: src/%.c
#  commands to execute (from `Makefile', line 398):
	$(CC) -c $< -o $@ $(CFLAGS) $(INCLUDE_PATHS) -D$(PLATFORM)
	

# 1 implicit rules, 0 (0.0%) terminal.

# Files

all:
#  Phony target (prerequisite of .PHONY).
#  Command-line target.
#  Implicit rule search has not been done.
#  Implicit/static pattern stem: `'
#  File does not exist.
#  File has been updated.
#  Failed to be updated.
# automatic
# @ := all
# automatic
# % := 
# automatic
# * := 
# automatic
# + := 
# automatic
# | := 
# automatic
# < := 
# automatic
# ^ := 
# automatic
# ? := 
# variable set hash-table stats:
# Load=8/32=25%, Rehash=0, Collisions=4/13=31%
#  commands to execute (from `Makefile', line 388):
	$(MAKE) $(MAKEFILE_PARAMS)
	

.PHONY: all clean
#  Implicit rule search has not been done.
#  Modification time never checked.
#  File has not been updated.

# Not a target:
main.c:
#  Implicit rule search has not been done.
#  Modification time never checked.
#  File has not been updated.

# Not a target:
.SUFFIXES:
#  Implicit rule search has not been done.
#  Modification time never checked.
#  File has not been updated.

# Not a target:
Makefile:
#  Implicit rule search has been done.
#  Last modified 2021-11-22 08:41:30
#  File has been updated.
#  Successfully updated.
# variable set hash-table stats:
# Load=0/32=0%, Rehash=0, Collisions=0/0=0%

# Not a target:
.DEFAULT:
#  Implicit rule search has not been done.
#  Modification time never checked.
#  File has not been updated.

clean:
#  Phony target (prerequisite of .PHONY).
#  Implicit rule search has not been done.
#  File does not exist.
#  File has not been updated.
#  commands to execute (from `Makefile', line 410):
	find . -type f -perm +ugo+x -delete
	rm -f *.o
	@echo Cleaning done
	

game: main.c
#  Implicit rule search has not been done.
#  Modification time never checked.
#  File has not been updated.
#  commands to execute (from `Makefile', line 392):
	$(CC) -o $(PROJECT_NAME)$(EXT) $(OBJS) $(CFLAGS) $(INCLUDE_PATHS) $(LDFLAGS) $(LDLIBS) -D$(PLATFORM)
	

# files hash-table stats:
# Load=8/1024=1%, Rehash=0, Collisions=0/26=0%
# VPATH Search Paths

# No `vpath' search paths.

# No general (`VPATH' variable) search path.

# # of strings in strcache: 1
# # of strcache buffers: 1
# strcache size: total = 4096 / max = 4096 / min = 4096 / avg = 4096
# strcache free: total = 4087 / max = 4087 / min = 4087 / avg = 4087

# Finished Make data base on Mon Jul 18 00:10:47 2022

 
